<?xml version="1.0" encoding="UTF-8"?>
<!-- Generated by org.testng.reporters.JUnitReportReporter -->
<testsuite hostname="DESKTOP-MM1IGIE" failures="0" tests="1" name="practice.handlesiframe" time="58.904" errors="0" timestamp="2024-07-23T12:41:18 IST" skipped="0">
  <testcase classname="practice.handlesiframe" name="iframes" time="58.904"/>
</testsuite> <!-- practice.handlesiframe -->
