<?xml version="1.0" encoding="UTF-8"?>
<!-- Generated by org.testng.reporters.JUnitReportReporter -->
<testsuite hostname="DESKTOP-MM1IGIE" failures="0" tests="3" name="practice.TestNG_invocationCount" time="11.667" errors="0" timestamp="2024-07-22T21:35:42 IST" skipped="0">
  <testcase classname="practice.TestNG_invocationCount" name="selenium" time="3.164"/>
  <testcase classname="practice.TestNG_invocationCount" name="selenium" time="5.070"/>
  <testcase classname="practice.TestNG_invocationCount" name="selenium" time="3.433"/>
</testsuite> <!-- practice.TestNG_invocationCount -->
