<?xml version="1.0" encoding="UTF-8"?>
<!-- Generated by org.testng.reporters.JUnitReportReporter -->
<testsuite hostname="DESKTOP-MM1IGIE" failures="0" tests="3" name="practice.popupalertwindowhandles" time="64.821" errors="0" timestamp="2024-07-23T08:14:38 IST" skipped="0">
  <testcase classname="practice.popupalertwindowhandles" name="alertcancelbuttonclick" time="24.307"/>
  <testcase classname="practice.popupalertwindowhandles" name="alertokbuttonclick" time="29.598"/>
  <testcase classname="practice.popupalertwindowhandles" name="alertsendtextokbuttonclick" time="10.916"/>
</testsuite> <!-- practice.popupalertwindowhandles -->
