<?xml version="1.0" encoding="UTF-8"?>
<!-- Generated by org.testng.reporters.JUnitReportReporter -->
<testsuite hostname="DESKTOP-MM1IGIE" failures="0" tests="1" name="practice.Scrolldownandup" time="4.679" errors="0" timestamp="2024-07-27T10:29:59 IST" skipped="0">
  <testcase classname="practice.Scrolldownandup" name="IdentifyLocatorElement" time="4.679"/>
</testsuite> <!-- practice.Scrolldownandup -->
