<?xml version="1.0" encoding="UTF-8"?>
<!-- Generated by org.testng.reporters.JUnitReportReporter -->
<testsuite hostname="DESKTOP-MM1IGIE" failures="0" tests="1" name="practice.isDisplayedisEnabledisSelected" time="18.000" errors="0" timestamp="2024-07-26T11:31:27 IST" skipped="0">
  <testcase classname="practice.isDisplayedisEnabledisSelected" name="isSelectedmethod" time="18.000"/>
</testsuite> <!-- practice.isDisplayedisEnabledisSelected -->
