<?xml version="1.0" encoding="UTF-8"?>
<!-- Generated by org.testng.reporters.JUnitReportReporter -->
<testsuite hostname="DESKTOP-MM1IGIE" failures="0" tests="7" name="practice.TestNG_RunTestcases_XML" time="15.130" errors="0" timestamp="2024-07-22T16:06:06 IST" skipped="2">
  <testcase classname="practice.TestNG_RunTestcases_XML" name="facebook" time="1.916"/>
  <testcase classname="practice.TestNG_RunTestcases_XML" name="selenium" time="1.202"/>
  <testcase classname="practice.TestNG_RunTestcases_XML" name="twitter" time="2.347"/>
  <testcase classname="practice.TestNG_RunTestcases_XML" name="redmine" time="7.896"/>
  <testcase classname="practice.TestNG_RunTestcases_XML" name="seleniumlearn" time="1.769"/>
  <testcase classname="practice.TestNG_RunTestcases_XML" name="gmail">
    <skipped/>
  </testcase> <!-- gmail -->
  <testcase classname="practice.TestNG_RunTestcases_XML" name="google">
    <skipped/>
  </testcase> <!-- google -->
</testsuite> <!-- practice.TestNG_RunTestcases_XML -->
