<?xml version="1.0" encoding="UTF-8"?>
<!-- Generated by org.testng.reporters.JUnitReportReporter -->
<testsuite hostname="DESKTOP-MM1IGIE" failures="0" tests="1" name="practice.TestNG_demo" time="12.940" errors="0" timestamp="2024-07-22T21:35:42 IST" skipped="0">
  <testcase classname="practice.TestNG_demo" name="swiggy" time="12.940"/>
</testsuite> <!-- practice.TestNG_demo -->
