<?xml version="1.0" encoding="UTF-8"?>
<!-- Generated by org.testng.reporters.JUnitReportReporter -->
<testsuite hostname="DESKTOP-MM1IGIE" failures="0" tests="7" name="practice.TestNG_DataProvider" time="34.424" errors="0" timestamp="2024-07-27T19:42:54 IST" skipped="0">
  <testcase classname="practice.TestNG_DataProvider" name="login" time="4.288"/>
  <testcase classname="practice.TestNG_DataProvider" name="login" time="3.723"/>
  <testcase classname="practice.TestNG_DataProvider" name="login" time="3.392"/>
  <testcase classname="practice.TestNG_DataProvider" name="login" time="9.340"/>
  <testcase classname="practice.TestNG_DataProvider" name="login" time="4.606"/>
  <testcase classname="practice.TestNG_DataProvider" name="login" time="5.246"/>
  <testcase classname="practice.TestNG_DataProvider" name="login" time="3.829"/>
</testsuite> <!-- practice.TestNG_DataProvider -->
