<?xml version="1.0" encoding="UTF-8"?>
<!-- Generated by org.testng.reporters.JUnitReportReporter -->
<testsuite hostname="DESKTOP-MM1IGIE" failures="0" tests="4" name="practice.TestNG_groups" time="16.981" errors="0" timestamp="2024-07-22T21:06:54 IST" skipped="0">
  <testcase classname="practice.TestNG_groups" name="facebook" time="2.746"/>
  <testcase classname="practice.TestNG_groups" name="twitter" time="7.639"/>
  <testcase classname="practice.TestNG_groups" name="google" time="2.497"/>
  <testcase classname="practice.TestNG_groups" name="gmail" time="4.099"/>
</testsuite> <!-- practice.TestNG_groups -->
