<?xml version="1.0" encoding="UTF-8"?>
<!-- Generated by org.testng.reporters.JUnitReportReporter -->
<testsuite hostname="DESKTOP-MM1IGIE" failures="0" tests="1" name="practice.dropdown" time="11.367" errors="0" timestamp="2024-07-23T07:23:09 IST" skipped="0">
  <testcase classname="practice.dropdown" name="baalabharathi" time="11.367"/>
</testsuite> <!-- practice.dropdown -->
