<?xml version="1.0" encoding="UTF-8"?>
<!-- Generated by org.testng.reporters.JUnitReportReporter -->
<testsuite hostname="DESKTOP-MM1IGIE" failures="0" tests="1" name="practice.NewTabFunctionality" time="78.690" errors="0" timestamp="2024-07-23T12:51:12 IST" skipped="0">
  <testcase classname="practice.NewTabFunctionality" name="iframes" time="78.690"/>
</testsuite> <!-- practice.NewTabFunctionality -->
