<?xml version="1.0" encoding="UTF-8"?>
<!-- Generated by org.testng.reporters.JUnitReportReporter -->
<testsuite hostname="DESKTOP-MM1IGIE" failures="0" tests="1" name="practice.TestNG_timeout" time="1.591" errors="0" timestamp="2024-07-22T16:32:54 IST" skipped="0">
  <testcase classname="practice.TestNG_timeout" name="selenium" time="1.591"/>
</testsuite> <!-- practice.TestNG_timeout -->
