<?xml version="1.0" encoding="UTF-8"?>
<!-- Generated by org.testng.reporters.JUnitReportReporter -->
<testsuite hostname="DESKTOP-MM1IGIE" failures="0" tests="1" name="practice.RCDDMOKF" time="9.997" errors="0" timestamp="2024-07-27T14:06:53 IST" skipped="0">
  <testcase classname="practice.RCDDMOKF" name="mouseover" time="9.997"/>
</testsuite> <!-- practice.RCDDMOKF -->
