<?xml version="1.0" encoding="UTF-8"?>
<!-- Generated by org.testng.reporters.JUnitReportReporter -->
<testsuite hostname="DESKTOP-MM1IGIE" failures="0" tests="1" name="practice.Verifytabtitleurlapp" time="6.474" errors="0" timestamp="2024-07-26T13:08:19 IST" skipped="0">
  <testcase classname="practice.Verifytabtitleurlapp" name="verifytabtext" time="6.474"/>
</testsuite> <!-- practice.Verifytabtitleurlapp -->
