<?xml version="1.0" encoding="UTF-8"?>
<!-- Generated by org.testng.reporters.JUnitReportReporter -->
<testsuite hostname="DESKTOP-MM1IGIE" failures="0" tests="1" name="practice.Log4jTutorial" time="12.616" errors="0" timestamp="2024-07-27T13:07:43 IST" skipped="0">
  <testcase classname="practice.Log4jTutorial" name="google" time="12.616"/>
</testsuite> <!-- practice.Log4jTutorial -->
