<?xml version="1.0" encoding="UTF-8"?>
<!-- Generated by org.testng.reporters.JUnitReportReporter -->
<testsuite hostname="DESKTOP-MM1IGIE" failures="0" tests="1" name="practice.RCDDMOKF" time="14.670" errors="0" timestamp="2024-07-26T09:06:58 IST" skipped="0">
  <testcase classname="practice.RCDDMOKF" name="keyboardkeys" time="14.670"/>
</testsuite> <!-- practice.RCDDMOKF -->
