<?xml version="1.0" encoding="UTF-8"?>
<!-- Generated by org.testng.reporters.JUnitReportReporter -->
<testsuite hostname="DESKTOP-MM1IGIE" failures="0" tests="7" name="practice.TestNG" time="18.604" errors="0" timestamp="2024-07-22T16:29:28 IST" skipped="2">
  <testcase classname="practice.TestNG" name="facebook" time="2.272"/>
  <testcase classname="practice.TestNG" name="selenium" time="1.772"/>
  <testcase classname="practice.TestNG" name="twitter" time="7.443"/>
  <testcase classname="practice.TestNG" name="redmine" time="5.467"/>
  <testcase classname="practice.TestNG" name="seleniumlearn" time="1.650"/>
  <testcase classname="practice.TestNG" name="gmail">
    <skipped/>
  </testcase> <!-- gmail -->
  <testcase classname="practice.TestNG" name="google">
    <skipped/>
  </testcase> <!-- google -->
</testsuite> <!-- practice.TestNG -->
