<?xml version="1.0" encoding="UTF-8"?>
<!-- Generated by org.testng.reporters.JUnitReportReporter -->
<testsuite hostname="DESKTOP-MM1IGIE" failures="0" tests="2" name="practice.TestNG1" time="5.209" errors="0" timestamp="2024-07-22T16:31:54 IST" skipped="0">
  <testcase classname="practice.TestNG1" name="method1" time="2.354"/>
  <testcase classname="practice.TestNG1" name="method2" time="2.855"/>
</testsuite> <!-- practice.TestNG1 -->
